<?xml version="1.0" encoding="UTF-8"?>
<testsuite xmlns:xsi="http://www.w3.org/2001/XMLSchema-instance" xsi:noNamespaceSchemaLocation="https://maven.apache.org/surefire/maven-surefire-plugin/xsd/surefire-test-report-3.0.xsd" version="3.0" name="com.example.refactoring.OverrideFormatFixTest" time="2.413" tests="1" errors="0" skipped="0" failures="1">
  <properties>
    <property name="java.specification.version" value="18"/>
    <property name="sun.cpu.isalist" value="amd64"/>
    <property name="sun.jnu.encoding" value="GBK"/>
    <property name="java.class.path" value="C:\Users\wudi\Desktop\spoon\target\test-classes;C:\Users\wudi\Desktop\spoon\target\classes;C:\Users\wudi\.m2\repository\fr\inria\gforge\spoon\spoon-core\10.4.2\spoon-core-10.4.2.jar;C:\Users\wudi\.m2\repository\org\eclipse\jdt\org.eclipse.jdt.core\3.33.0\org.eclipse.jdt.core-3.33.0.jar;C:\Users\wudi\.m2\repository\org\eclipse\jdt\ecj\3.33.0\ecj-3.33.0.jar;C:\Users\wudi\.m2\repository\com\martiansoftware\jsap\2.1\jsap-2.1.jar;C:\Users\wudi\.m2\repository\commons-io\commons-io\2.14.0\commons-io-2.14.0.jar;C:\Users\wudi\.m2\repository\org\apache\maven\maven-model\3.6.0\maven-model-3.6.0.jar;C:\Users\wudi\.m2\repository\org\codehaus\plexus\plexus-utils\3.1.0\plexus-utils-3.1.0.jar;C:\Users\wudi\.m2\repository\org\apache\commons\commons-lang3\3.13.0\commons-lang3-3.13.0.jar;C:\Users\wudi\.m2\repository\com\fasterxml\jackson\core\jackson-databind\2.15.2\jackson-databind-2.15.2.jar;C:\Users\wudi\.m2\repository\com\fasterxml\jackson\core\jackson-annotations\2.15.2\jackson-annotations-2.15.2.jar;C:\Users\wudi\.m2\repository\com\fasterxml\jackson\core\jackson-core\2.15.2\jackson-core-2.15.2.jar;C:\Users\wudi\.m2\repository\org\apache\commons\commons-compress\1.24.0\commons-compress-1.24.0.jar;C:\Users\wudi\.m2\repository\org\jspecify\jspecify\0.3.0\jspecify-0.3.0.jar;C:\Users\wudi\.m2\repository\org\apache\maven\shared\maven-invoker\3.2.0\maven-invoker-3.2.0.jar;C:\Users\wudi\.m2\repository\org\apache\maven\shared\maven-shared-utils\3.3.4\maven-shared-utils-3.3.4.jar;C:\Users\wudi\.m2\repository\javax\inject\javax.inject\1\javax.inject-1.jar;C:\Users\wudi\.m2\repository\commons-cli\commons-cli\1.5.0\commons-cli-1.5.0.jar;C:\Users\wudi\.m2\repository\org\slf4j\slf4j-api\2.0.7\slf4j-api-2.0.7.jar;C:\Users\wudi\.m2\repository\org\slf4j\slf4j-simple\2.0.7\slf4j-simple-2.0.7.jar;C:\Users\wudi\.m2\repository\org\junit\jupiter\junit-jupiter-engine\5.9.2\junit-jupiter-engine-5.9.2.jar;C:\Users\wudi\.m2\repository\org\junit\platform\junit-platform-engine\1.9.2\junit-platform-engine-1.9.2.jar;C:\Users\wudi\.m2\repository\org\apiguardian\apiguardian-api\1.1.2\apiguardian-api-1.1.2.jar;C:\Users\wudi\.m2\repository\org\junit\jupiter\junit-jupiter-api\5.9.2\junit-jupiter-api-5.9.2.jar;C:\Users\wudi\.m2\repository\org\opentest4j\opentest4j\1.2.0\opentest4j-1.2.0.jar;C:\Users\wudi\.m2\repository\org\junit\platform\junit-platform-commons\1.9.2\junit-platform-commons-1.9.2.jar;"/>
    <property name="java.vm.vendor" value="Amazon.com Inc."/>
    <property name="sun.arch.data.model" value="64"/>
    <property name="user.variant" value=""/>
    <property name="java.vendor.url" value="https://aws.amazon.com/corretto/"/>
    <property name="user.timezone" value="Asia/Shanghai"/>
    <property name="os.name" value="Windows 11"/>
    <property name="java.vm.specification.version" value="18"/>
    <property name="spoon.log.path" value="${java.io.tmpdir}/spoon-log.log"/>
    <property name="sun.java.launcher" value="SUN_STANDARD"/>
    <property name="user.country" value="CN"/>
    <property name="sun.boot.library.path" value="C:\Users\wudi\.jdks\corretto-18.0.2\bin"/>
    <property name="sun.java.command" value="C:\Users\wudi\AppData\Local\Temp\surefire7414836829999396679\surefirebooter-20250906181457054_3.jar C:\Users\wudi\AppData\Local\Temp\surefire7414836829999396679 2025-09-06T18-14-56_656-jvmRun1 surefire-20250906181457054_1tmp surefire_0-20250906181457054_2tmp"/>
    <property name="jdk.debug" value="release"/>
    <property name="test" value="OverrideFormatFixTest#testOverrideAnnotationSeparationFix"/>
    <property name="surefire.test.class.path" value="C:\Users\wudi\Desktop\spoon\target\test-classes;C:\Users\wudi\Desktop\spoon\target\classes;C:\Users\wudi\.m2\repository\fr\inria\gforge\spoon\spoon-core\10.4.2\spoon-core-10.4.2.jar;C:\Users\wudi\.m2\repository\org\eclipse\jdt\org.eclipse.jdt.core\3.33.0\org.eclipse.jdt.core-3.33.0.jar;C:\Users\wudi\.m2\repository\org\eclipse\jdt\ecj\3.33.0\ecj-3.33.0.jar;C:\Users\wudi\.m2\repository\com\martiansoftware\jsap\2.1\jsap-2.1.jar;C:\Users\wudi\.m2\repository\commons-io\commons-io\2.14.0\commons-io-2.14.0.jar;C:\Users\wudi\.m2\repository\org\apache\maven\maven-model\3.6.0\maven-model-3.6.0.jar;C:\Users\wudi\.m2\repository\org\codehaus\plexus\plexus-utils\3.1.0\plexus-utils-3.1.0.jar;C:\Users\wudi\.m2\repository\org\apache\commons\commons-lang3\3.13.0\commons-lang3-3.13.0.jar;C:\Users\wudi\.m2\repository\com\fasterxml\jackson\core\jackson-databind\2.15.2\jackson-databind-2.15.2.jar;C:\Users\wudi\.m2\repository\com\fasterxml\jackson\core\jackson-annotations\2.15.2\jackson-annotations-2.15.2.jar;C:\Users\wudi\.m2\repository\com\fasterxml\jackson\core\jackson-core\2.15.2\jackson-core-2.15.2.jar;C:\Users\wudi\.m2\repository\org\apache\commons\commons-compress\1.24.0\commons-compress-1.24.0.jar;C:\Users\wudi\.m2\repository\org\jspecify\jspecify\0.3.0\jspecify-0.3.0.jar;C:\Users\wudi\.m2\repository\org\apache\maven\shared\maven-invoker\3.2.0\maven-invoker-3.2.0.jar;C:\Users\wudi\.m2\repository\org\apache\maven\shared\maven-shared-utils\3.3.4\maven-shared-utils-3.3.4.jar;C:\Users\wudi\.m2\repository\javax\inject\javax.inject\1\javax.inject-1.jar;C:\Users\wudi\.m2\repository\commons-cli\commons-cli\1.5.0\commons-cli-1.5.0.jar;C:\Users\wudi\.m2\repository\org\slf4j\slf4j-api\2.0.7\slf4j-api-2.0.7.jar;C:\Users\wudi\.m2\repository\org\slf4j\slf4j-simple\2.0.7\slf4j-simple-2.0.7.jar;C:\Users\wudi\.m2\repository\org\junit\jupiter\junit-jupiter-engine\5.9.2\junit-jupiter-engine-5.9.2.jar;C:\Users\wudi\.m2\repository\org\junit\platform\junit-platform-engine\1.9.2\junit-platform-engine-1.9.2.jar;C:\Users\wudi\.m2\repository\org\apiguardian\apiguardian-api\1.1.2\apiguardian-api-1.1.2.jar;C:\Users\wudi\.m2\repository\org\junit\jupiter\junit-jupiter-api\5.9.2\junit-jupiter-api-5.9.2.jar;C:\Users\wudi\.m2\repository\org\opentest4j\opentest4j\1.2.0\opentest4j-1.2.0.jar;C:\Users\wudi\.m2\repository\org\junit\platform\junit-platform-commons\1.9.2\junit-platform-commons-1.9.2.jar;"/>
    <property name="sun.cpu.endian" value="little"/>
    <property name="user.home" value="C:\Users\wudi"/>
    <property name="user.language" value="zh"/>
    <property name="java.specification.vendor" value="Oracle Corporation"/>
    <property name="java.version.date" value="2022-07-19"/>
    <property name="java.home" value="C:\Users\wudi\.jdks\corretto-18.0.2"/>
    <property name="file.separator" value="\"/>
    <property name="basedir" value="C:\Users\wudi\Desktop\spoon"/>
    <property name="java.vm.compressedOopsMode" value="Zero based"/>
    <property name="line.separator" value="&#10;"/>
    <property name="java.vm.specification.vendor" value="Oracle Corporation"/>
    <property name="java.specification.name" value="Java Platform API Specification"/>
    <property name="surefire.real.class.path" value="C:\Users\wudi\AppData\Local\Temp\surefire7414836829999396679\surefirebooter-20250906181457054_3.jar"/>
    <property name="user.script" value=""/>
    <property name="sun.management.compiler" value="HotSpot 64-Bit Tiered Compilers"/>
    <property name="java.runtime.version" value="18.0.2+9-FR"/>
    <property name="user.name" value="wudi"/>
    <property name="path.separator" value=";"/>
    <property name="os.version" value="10.0"/>
    <property name="java.runtime.name" value="OpenJDK Runtime Environment"/>
    <property name="file.encoding" value="UTF-8"/>
    <property name="java.vm.name" value="OpenJDK 64-Bit Server VM"/>
    <property name="java.vendor.version" value="Corretto-18.0.2.9.1"/>
    <property name="localRepository" value="C:\Users\wudi\.m2\repository"/>
    <property name="java.vendor.url.bug" value="https://github.com/corretto/corretto-18/issues/"/>
    <property name="java.io.tmpdir" value="C:\Users\wudi\AppData\Local\Temp\"/>
    <property name="java.version" value="18.0.2"/>
    <property name="user.dir" value="C:\Users\wudi\Desktop\spoon"/>
    <property name="os.arch" value="amd64"/>
    <property name="java.vm.specification.name" value="Java Virtual Machine Specification"/>
    <property name="sun.os.patch.level" value=""/>
    <property name="native.encoding" value="GBK"/>
    <property name="java.library.path" value="C:\Users\wudi\.jdks\corretto-18.0.2\bin;C:\WINDOWS\Sun\Java\bin;C:\WINDOWS\system32;C:\WINDOWS;C:\Daily Software\CUDA11_7\bin;C:\Daily Software\CUDA11_7\libnvvp;C:\Program Files (x86)\VMware\VMware Workstation\bin\;C:\Windows\system32;C:\Windows;C:\Windows\System32\Wbem;C:\Windows\System32\WindowsPowerShell\v1.0\;C:\Windows\System32\OpenSSH\;C:\Program Files (x86)\NVIDIA Corporation\PhysX\Common;C:\Program Files\Bandizip\;C:\Users\wudi\.jdks\corretto-18.0.2\bin;C:\Program Files\dotnet\;C:\Program Files\Docker\Docker\resources\bin;C:\Daily Software\Git\cmd;D:\Daily Software\nodejs\node_global\node_modules;C:\Program Files\NVIDIA Corporation\Nsight Compute 2022.2.0\;D:\Daily Software\apache-ant-1.10.14-bin\apache-ant-1.10.14\bin;C:\Program Files\MySQL\MySQL Server 8.0\bin;D:\Cloc;C:\Program Files\NVIDIA Corporation\NVIDIA app\NvDLISR;D:\Daily Software\codeql;D:\nvm;C:\nvm4w\nodejs;D:\mingw64\bin;C:\WINDOWS\system32;C:\WINDOWS;C:\WINDOWS\System32\Wbem;C:\WINDOWS\System32\WindowsPowerShell\v1.0\;C:\WINDOWS\System32\OpenSSH\;C:\Users\wudi\Desktop\pmd-bin-7.14.0\bin;C:\Program Files\MySQL\MySQL Shell 8.0\bin\;C:\Users\wudi\AppData\Local\Programs\Python\Python310\;C:\Users\wudi\AppData\Local\Programs\Python\Python37\Scripts\;C:\Users\wudi\AppData\Local\Programs\Python\Python37\;C:\Users\wudi\AppData\Local\Programs\Python\Python310\Scripts\;C:\Users\wudi\AppData\Local\Programs\Python\Python36\Scripts\;C:\Users\wudi\AppData\Local\Programs\Python\Python36\;C:\Daily Software\apache-maven-3.8.8-bin\apache-maven-3.8.8\bin;D:\Daily Software\anaconda;D:\Daily Software\anaconda\Library\mingw-w64\bin;D:\Daily Software\anaconda\Library\usr\bin;D:\Daily Software\anaconda\Library\bin;D:\Daily Software\anaconda\Scripts;C:\Users\wudi\AppData\Local\Microsoft\WindowsApps;C:\Program Files\JetBrains\PyCharm 2021.3\bin;;D:\Daily Software\IntelliJ IDEA 2023.2.2\bin;;C:\Daily Software\sonar-scanner-cli-4.3.0.2102-windows\sonar-scanner-4.3.0.2102-windows\bin;D:\Daily Software\IntelliJ IDEA Community Edition 2019.3.5\bin;;D:\Daily Software\gradle-8.0.2-all\gradle-8.0.2\bin;D:\Daily Software\Microsoft VS Code\bin;C:\Users\wudi\AppData\Local\GitHubDesktop\bin;C:\Users\wudi\Desktop\test\DependencyFinder-1.4.0\bin;D:\Daily Software\codeql;D:\Daily Software\cursor\resources\app\bin;D:\nvm;C:\nvm4w\nodejs;D:\Windsurf\bin;;."/>
    <property name="java.vm.info" value="mixed mode, sharing"/>
    <property name="java.vendor" value="Amazon.com Inc."/>
    <property name="java.vm.version" value="18.0.2+9-FR"/>
    <property name="sun.io.unicode.encoding" value="UnicodeLittle"/>
    <property name="java.class.version" value="62.0"/>
  </properties>
  <testcase name="testOverrideAnnotationSeparationFix" classname="com.example.refactoring.OverrideFormatFixTest" time="2.36">
    <failure message="子类1应该有正确的@Override注解 ==&gt; expected: &lt;true&gt; but was: &lt;false&gt;" type="org.opentest4j.AssertionFailedError"><![CDATA[org.opentest4j.AssertionFailedError: 子类1应该有正确的@Override注解 ==> expected: <true> but was: <false>
	at org.junit.jupiter.api.AssertionFailureBuilder.build(AssertionFailureBuilder.java:151)
	at org.junit.jupiter.api.AssertionFailureBuilder.buildAndThrow(AssertionFailureBuilder.java:132)
	at org.junit.jupiter.api.AssertTrue.failNotTrue(AssertTrue.java:63)
	at org.junit.jupiter.api.AssertTrue.assertTrue(AssertTrue.java:36)
	at org.junit.jupiter.api.Assertions.assertTrue(Assertions.java:211)
	at com.example.refactoring.OverrideFormatFixTest.testOverrideAnnotationSeparationFix(OverrideFormatFixTest.java:78)
	at java.base/jdk.internal.reflect.DirectMethodHandleAccessor.invoke(DirectMethodHandleAccessor.java:104)
	at java.base/java.lang.reflect.Method.invoke(Method.java:577)
	at org.junit.platform.commons.util.ReflectionUtils.invokeMethod(ReflectionUtils.java:727)
	at org.junit.jupiter.engine.execution.MethodInvocation.proceed(MethodInvocation.java:60)
	at org.junit.jupiter.engine.execution.InvocationInterceptorChain$ValidatingInvocation.proceed(InvocationInterceptorChain.java:131)
	at org.junit.jupiter.engine.extension.TimeoutExtension.intercept(TimeoutExtension.java:156)
	at org.junit.jupiter.engine.extension.TimeoutExtension.interceptTestableMethod(TimeoutExtension.java:147)
	at org.junit.jupiter.engine.extension.TimeoutExtension.interceptTestMethod(TimeoutExtension.java:86)
	at org.junit.jupiter.engine.execution.InterceptingExecutableInvoker$ReflectiveInterceptorCall.lambda$ofVoidMethod$0(InterceptingExecutableInvoker.java:103)
	at org.junit.jupiter.engine.execution.InterceptingExecutableInvoker.lambda$invoke$0(InterceptingExecutableInvoker.java:93)
	at org.junit.jupiter.engine.execution.InvocationInterceptorChain$InterceptedInvocation.proceed(InvocationInterceptorChain.java:106)
	at org.junit.jupiter.engine.execution.InvocationInterceptorChain.proceed(InvocationInterceptorChain.java:64)
	at org.junit.jupiter.engine.execution.InvocationInterceptorChain.chainAndInvoke(InvocationInterceptorChain.java:45)
	at org.junit.jupiter.engine.execution.InvocationInterceptorChain.invoke(InvocationInterceptorChain.java:37)
	at org.junit.jupiter.engine.execution.InterceptingExecutableInvoker.invoke(InterceptingExecutableInvoker.java:92)
	at org.junit.jupiter.engine.execution.InterceptingExecutableInvoker.invoke(InterceptingExecutableInvoker.java:86)
	at org.junit.jupiter.engine.descriptor.TestMethodTestDescriptor.lambda$invokeTestMethod$7(TestMethodTestDescriptor.java:217)
	at org.junit.platform.engine.support.hierarchical.ThrowableCollector.execute(ThrowableCollector.java:73)
	at org.junit.jupiter.engine.descriptor.TestMethodTestDescriptor.invokeTestMethod(TestMethodTestDescriptor.java:213)
	at org.junit.jupiter.engine.descriptor.TestMethodTestDescriptor.execute(TestMethodTestDescriptor.java:138)
	at org.junit.jupiter.engine.descriptor.TestMethodTestDescriptor.execute(TestMethodTestDescriptor.java:68)
	at org.junit.platform.engine.support.hierarchical.NodeTestTask.lambda$executeRecursively$6(NodeTestTask.java:151)
	at org.junit.platform.engine.support.hierarchical.ThrowableCollector.execute(ThrowableCollector.java:73)
	at org.junit.platform.engine.support.hierarchical.NodeTestTask.lambda$executeRecursively$8(NodeTestTask.java:141)
	at org.junit.platform.engine.support.hierarchical.Node.around(Node.java:137)
	at org.junit.platform.engine.support.hierarchical.NodeTestTask.lambda$executeRecursively$9(NodeTestTask.java:139)
	at org.junit.platform.engine.support.hierarchical.ThrowableCollector.execute(ThrowableCollector.java:73)
	at org.junit.platform.engine.support.hierarchical.NodeTestTask.executeRecursively(NodeTestTask.java:138)
	at org.junit.platform.engine.support.hierarchical.NodeTestTask.execute(NodeTestTask.java:95)
	at java.base/java.util.ArrayList.forEach(ArrayList.java:1511)
	at org.junit.platform.engine.support.hierarchical.SameThreadHierarchicalTestExecutorService.invokeAll(SameThreadHierarchicalTestExecutorService.java:41)
	at org.junit.platform.engine.support.hierarchical.NodeTestTask.lambda$executeRecursively$6(NodeTestTask.java:155)
	at org.junit.platform.engine.support.hierarchical.ThrowableCollector.execute(ThrowableCollector.java:73)
	at org.junit.platform.engine.support.hierarchical.NodeTestTask.lambda$executeRecursively$8(NodeTestTask.java:141)
	at org.junit.platform.engine.support.hierarchical.Node.around(Node.java:137)
	at org.junit.platform.engine.support.hierarchical.NodeTestTask.lambda$executeRecursively$9(NodeTestTask.java:139)
	at org.junit.platform.engine.support.hierarchical.ThrowableCollector.execute(ThrowableCollector.java:73)
	at org.junit.platform.engine.support.hierarchical.NodeTestTask.executeRecursively(NodeTestTask.java:138)
	at org.junit.platform.engine.support.hierarchical.NodeTestTask.execute(NodeTestTask.java:95)
	at java.base/java.util.ArrayList.forEach(ArrayList.java:1511)
	at org.junit.platform.engine.support.hierarchical.SameThreadHierarchicalTestExecutorService.invokeAll(SameThreadHierarchicalTestExecutorService.java:41)
	at org.junit.platform.engine.support.hierarchical.NodeTestTask.lambda$executeRecursively$6(NodeTestTask.java:155)
	at org.junit.platform.engine.support.hierarchical.ThrowableCollector.execute(ThrowableCollector.java:73)
	at org.junit.platform.engine.support.hierarchical.NodeTestTask.lambda$executeRecursively$8(NodeTestTask.java:141)
	at org.junit.platform.engine.support.hierarchical.Node.around(Node.java:137)
	at org.junit.platform.engine.support.hierarchical.NodeTestTask.lambda$executeRecursively$9(NodeTestTask.java:139)
	at org.junit.platform.engine.support.hierarchical.ThrowableCollector.execute(ThrowableCollector.java:73)
	at org.junit.platform.engine.support.hierarchical.NodeTestTask.executeRecursively(NodeTestTask.java:138)
	at org.junit.platform.engine.support.hierarchical.NodeTestTask.execute(NodeTestTask.java:95)
	at org.junit.platform.engine.support.hierarchical.SameThreadHierarchicalTestExecutorService.submit(SameThreadHierarchicalTestExecutorService.java:35)
	at org.junit.platform.engine.support.hierarchical.HierarchicalTestExecutor.execute(HierarchicalTestExecutor.java:57)
	at org.junit.platform.engine.support.hierarchical.HierarchicalTestEngine.execute(HierarchicalTestEngine.java:54)
	at org.junit.platform.launcher.core.EngineExecutionOrchestrator.execute(EngineExecutionOrchestrator.java:147)
	at org.junit.platform.launcher.core.EngineExecutionOrchestrator.execute(EngineExecutionOrchestrator.java:127)
	at org.junit.platform.launcher.core.EngineExecutionOrchestrator.execute(EngineExecutionOrchestrator.java:90)
	at org.junit.platform.launcher.core.EngineExecutionOrchestrator.lambda$execute$0(EngineExecutionOrchestrator.java:55)
	at org.junit.platform.launcher.core.EngineExecutionOrchestrator.withInterceptedStreams(EngineExecutionOrchestrator.java:102)
	at org.junit.platform.launcher.core.EngineExecutionOrchestrator.execute(EngineExecutionOrchestrator.java:54)
	at org.junit.platform.launcher.core.DefaultLauncher.execute(DefaultLauncher.java:114)
	at org.junit.platform.launcher.core.DefaultLauncher.execute(DefaultLauncher.java:86)
	at org.junit.platform.launcher.core.DefaultLauncherSession$DelegatingLauncher.execute(DefaultLauncherSession.java:86)
	at org.apache.maven.surefire.junitplatform.LazyLauncher.execute(LazyLauncher.java:50)
	at org.apache.maven.surefire.junitplatform.JUnitPlatformProvider.execute(JUnitPlatformProvider.java:184)
	at org.apache.maven.surefire.junitplatform.JUnitPlatformProvider.invokeAllTests(JUnitPlatformProvider.java:148)
	at org.apache.maven.surefire.junitplatform.JUnitPlatformProvider.invoke(JUnitPlatformProvider.java:122)
	at org.apache.maven.surefire.booter.ForkedBooter.runSuitesInProcess(ForkedBooter.java:385)
	at org.apache.maven.surefire.booter.ForkedBooter.execute(ForkedBooter.java:162)
	at org.apache.maven.surefire.booter.ForkedBooter.run(ForkedBooter.java:507)
	at org.apache.maven.surefire.booter.ForkedBooter.main(ForkedBooter.java:495)
]]></failure>
    <system-out><![CDATA[
=== 父类文件内容 ===
package test;
import java.io.PrintStream;

public class Parent {

    protected String name = "parent";

    protected String data = "child1";

    public void init() {
        System.out.println("Parent initialized: " + name);
    }

    // 这个方法将被上提，目前是public
    public void processData() {
        System.out.println("Processing: " + data);
        System.out.println("Name: " + name);
    }
}


=== 子类1文件内容 ===
package test;

public class Child1 extends Parent {

    public void child1Method() {
        System.out.println("Child1 specific method");
    }
}

]]></system-out>
    <system-err><![CDATA[[main] INFO com.example.refactoring.core.PullUpMethodRefactoring - 开始Pull-Up-Method重构: 类=Child1, 方法=processData
[main] INFO com.example.refactoring.core.PullUpMethodRefactoring - 找到父类: test.Parent
[main] INFO com.example.refactoring.handler.FieldPullUpHandler - 发现 1 个依赖字段需要上提
[main] INFO com.example.refactoring.handler.FieldPullUpHandler - 开始上提字段: data (类型: java.lang.String)
[main] INFO com.example.refactoring.handler.FieldPullUpHandler - 字段 data 可见性已从 private 调整为 protected
[main] INFO com.example.refactoring.handler.FieldPullUpHandler - 成功上提字段: data 到父类 Parent
[main] INFO com.example.refactoring.core.PullUpMethodRefactoring - 自动上提了 1 个依赖字段
[main] INFO com.example.refactoring.core.PullUpMethodRefactoring -   - 上提字段: data
[main] INFO com.example.refactoring.handler.VisibilityConsistencyHandler - 修复子类 Child1 中方法 processData 的@Override注解格式
[main] INFO com.example.refactoring.handler.VisibilityConsistencyHandler - 修复子类 Child2 中方法 processData 的@Override注解格式
[main] INFO com.example.refactoring.handler.VisibilityConsistencyHandler - 子类 Child2 中方法 processData 可见性从 private 调整为 public
[main] INFO com.example.refactoring.core.PullUpMethodRefactoring - 可见性一致性调整完成，进行了 3 项调整
[main] INFO com.example.refactoring.core.PullUpMethodRefactoring -   - 修复子类 Child1 中方法 processData 的@Override注解格式
[main] INFO com.example.refactoring.core.PullUpMethodRefactoring -   - 修复子类 Child2 中方法 processData 的@Override注解格式
[main] INFO com.example.refactoring.core.PullUpMethodRefactoring -   - 子类 Child2 中方法 processData 可见性从 private 调整为 public
[main] INFO com.example.refactoring.core.PullUpMethodRefactoring - 已修改文件: C:\Users\wudi\AppData\Local\Temp\junit6806853642584117767\Child1.java (Child1)
[main] INFO com.example.refactoring.core.PullUpMethodRefactoring - 已修改文件: C:\Users\wudi\AppData\Local\Temp\junit6806853642584117767\Parent.java (Parent)
[main] INFO com.example.refactoring.core.PullUpMethodRefactoring - 重构范围限制：只修改了 2 个相关类文件
[main] INFO com.example.refactoring.core.PullUpMethodRefactoring - Pull-Up-Method重构完成，修改了 2 个文件
]]></system-err>
  </testcase>
</testsuite>